<beans xmlns="http://www.springframework.org/schema/beans"
       xmlns:xsi="http://www.w3.org/2001/XMLSchema-instance"
       xmlns:context="http://www.springframework.org/schema/context"
       xmlns:mvc="http://www.springframework.org/schema/mvc" xmlns:tx="http://www.springframework.org/schema/tx"
       xmlns:jpa="http://www.springframework.org/schema/data/jpa"
       xsi:schemaLocation="http://www.springframework.org/schema/beans
        http://www.springframework.org/schema/beans/spring-beans-3.0.xsd
        http://www.springframework.org/schema/context http://www.springframework.org/schema/context/spring-context.xsd http://www.springframework.org/schema/mvc http://www.springframework.org/schema/mvc/spring-mvc.xsd http://www.springframework.org/schema/tx http://www.springframework.org/schema/tx/spring-tx.xsd http://www.springframework.org/schema/data/jpa http://www.springframework.org/schema/data/jpa/spring-jpa.xsd">

    <context:annotation-config />
    <context:component-scan base-package="com.softserveinc.tender" />
    <mvc:annotation-driven />
    <mvc:resources mapping="/resources/**" location="/WEB-INF/resources/"/>

    <bean id="modelMapper" class="org.modelmapper.ModelMapper" />
    <bean id="utilMapper" class="com.softserveinc.tender.util.UtilMapper" />

    <bean id="mailSender" class="org.springframework.mail.javamail.JavaMailSenderImpl">
        <property name="host" value="smtp.gmail.com" />
        <property name="port" value="587" />
        <property name="username" value="if045tender" />
        <property name="password" value="tenderif045" />

        <property name="javaMailProperties">
            <props>
                <prop key="mail.smtp.auth">true</prop>
                <prop key="mail.smtp.starttls.enable">true</prop>
            </props>
        </property>
    </bean>

    <bean id="simpleMailMessage" class="org.springframework.mail.SimpleMailMessage">
        <property name="from" value="if045tender@gmail.com" />
    </bean>

    <bean id="dataSource" class="com.mchange.v2.c3p0.ComboPooledDataSource">
        <property name="driverClass" value="com.mysql.jdbc.Driver" />
        <property name="jdbcUrl" value="jdbc:mysql://localhost:3306/test_tenders?characterEncoding=UTF-8" />
        <property name="user" value="root" />
        <property name="password" value="root" />
    </bean>

    <bean
            class="org.springframework.orm.jpa.LocalContainerEntityManagerFactoryBean"
            id="emf">
        <property name="packagesToScan" value="com.softserveinc.tender.entity" />
        <property name="dataSource" ref="dataSource" />
        <property name="jpaProperties">
            <props>
                <prop key="hibernate.show_sql">true</prop>
                <prop key="hibernate.dialect">org.hibernate.dialect.MySQLDialect</prop>
                <prop key="hibernate.connection.charSet">UTF-8</prop>
                <prop key="hibernate.hbm2ddl.auto">update</prop>
            </props>
        </property>
        <property name="persistenceProvider">
            <bean class="org.hibernate.ejb.HibernatePersistence" />
        </property>
    </bean>


    <tx:annotation-driven transaction-manager="transactionManager" />
    <bean class="org.springframework.orm.jpa.JpaTransactionManager"
          id="transactionManager">
        <property name="dataSource" ref="dataSource" />
    </bean>

    <jpa:repositories base-package="com.softserveinc.tender.repo" transaction-manager-ref="transactionManager"/>

</beans>